# JRE version: OpenJDK Runtime Environment (8.0_152-b01) (build 1.8.0_152-release-1248-b01)
# Java VM: OpenJDK 64-Bit Server VM (25.152-b01 mixed mode windows-amd64 compressed oops)
Heap:
 PSYoungGen      total 484864K, used 333654K [0x00000000e0000000, 0x0000000100000000, 0x0000000100000000)
  eden space 457728K, 66% used [0x00000000e0000000,0x00000000f2b5a528,0x00000000fbf00000)
  from space 27136K, 99% used [0x00000000fe580000,0x00000000ffffb378,0x0000000100000000)
  to   space 33280K, 0% used [0x00000000fbf00000,0x00000000fbf00000,0x00000000fdf80000)
 ParOldGen       total 293888K, used 57295K [0x00000000a0000000, 0x00000000b1f00000, 0x00000000e0000000)
  object space 293888K, 19% used [0x00000000a0000000,0x00000000a37f3ec8,0x00000000b1f00000)
 Metaspace       used 98655K, capacity 104588K, committed 104704K, reserved 1140736K
  class space    used 12378K, capacity 13481K, committed 13568K, reserved 1048576K
GC Heap History (10 events):
Event: 696.995 GC heap before
{Heap before GC invocations=20 (full 3):
 PSYoungGen      total 460288K, used 156079K [0x00000000e0000000, 0x00000000fdd00000, 0x0000000100000000)
  eden space 441856K, 31% used [0x00000000e0000000,0x00000000e86c1210,0x00000000faf80000)
  from space 18432K, 98% used [0x00000000fcb00000,0x00000000fdcaacc0,0x00000000fdd00000)
  to   space 22016K, 0% used [0x00000000fb200000,0x00000000fb200000,0x00000000fc780000)
 ParOldGen       total 213504K, used 42168K [0x00000000a0000000, 0x00000000ad080000, 0x00000000e0000000)
  object space 213504K, 19% used [0x00000000a0000000,0x00000000a292e010,0x00000000ad080000)
 Metaspace       used 94411K, capacity 98562K, committed 98600K, reserved 1134592K
  class space    used 12050K, capacity 12911K, committed 12928K, reserved 1048576K
Event: 697.014 GC heap after
Heap after GC invocations=20 (full 3):
 PSYoungGen      total 466432K, used 15309K [0x00000000e0000000, 0x0000000100000000, 0x0000000100000000)
  eden space 444416K, 0% used [0x00000000e0000000,0x00000000e0000000,0x00000000fb200000)
  from space 22016K, 69% used [0x00000000fb200000,0x00000000fc0f36f0,0x00000000fc780000)
  to   space 21504K, 0% used [0x00000000feb00000,0x00000000feb00000,0x0000000100000000)
 ParOldGen       total 213504K, used 42176K [0x00000000a0000000, 0x00000000ad080000, 0x00000000e0000000)
  object space 213504K, 19% used [0x00000000a0000000,0x00000000a2930010,0x00000000ad080000)
 Metaspace       used 94411K, capacity 98562K, committed 98600K, reserved 1134592K
  class space    used 12050K, capacity 12911K, committed 12928K, reserved 1048576K
}
Event: 697.014 GC heap before
{Heap before GC invocations=21 (full 4):
 PSYoungGen      total 466432K, used 15309K [0x00000000e0000000, 0x0000000100000000, 0x0000000100000000)
  eden space 444416K, 0% used [0x00000000e0000000,0x00000000e0000000,0x00000000fb200000)
  from space 22016K, 69% used [0x00000000fb200000,0x00000000fc0f36f0,0x00000000fc780000)
  to   space 21504K, 0% used [0x00000000feb00000,0x00000000feb00000,0x0000000100000000)
 ParOldGen       total 213504K, used 42176K [0x00000000a0000000, 0x00000000ad080000, 0x00000000e0000000)
  object space 213504K, 19% used [0x00000000a0000000,0x00000000a2930010,0x00000000ad080000)
 Metaspace       used 94411K, capacity 98562K, committed 98600K, reserved 1134592K
  class space    used 12050K, capacity 12911K, committed 12928K, reserved 1048576K
Event: 697.211 GC heap after
Heap after GC invocations=21 (full 4):
 PSYoungGen      total 466432K, used 0K [0x00000000e0000000, 0x0000000100000000, 0x0000000100000000)
  eden space 444416K, 0% used [0x00000000e0000000,0x00000000e0000000,0x00000000fb200000)
  from space 22016K, 0% used [0x00000000fb200000,0x00000000fb200000,0x00000000fc780000)
  to   space 21504K, 0% used [0x00000000feb00000,0x00000000feb00000,0x0000000100000000)
 ParOldGen       total 293888K, used 46901K [0x00000000a0000000, 0x00000000b1f00000, 0x00000000e0000000)
  object space 293888K, 15% used [0x00000000a0000000,0x00000000a2dcd4e8,0x00000000b1f00000)
 Metaspace       used 94288K, capacity 98182K, committed 98600K, reserved 1134592K
  class space    used 12017K, capacity 12862K, committed 12928K, reserved 1048576K
}
Event: 705.179 GC heap before
{Heap before GC invocations=22 (full 4):
 PSYoungGen      total 466432K, used 444416K [0x00000000e0000000, 0x0000000100000000, 0x0000000100000000)
  eden space 444416K, 100% used [0x00000000e0000000,0x00000000fb200000,0x00000000fb200000)
  from space 22016K, 0% used [0x00000000fb200000,0x00000000fb200000,0x00000000fc780000)
  to   space 21504K, 0% used [0x00000000feb00000,0x00000000feb00000,0x0000000100000000)
 ParOldGen       total 293888K, used 46901K [0x00000000a0000000, 0x00000000b1f00000, 0x00000000e0000000)
  object space 293888K, 15% used [0x00000000a0000000,0x00000000a2dcd4e8,0x00000000b1f00000)
 Metaspace       used 95824K, capacity 99898K, committed 100096K, reserved 1136640K
  class space    used 12058K, capacity 12914K, committed 13056K, reserved 1048576K
Event: 705.206 GC heap after
Heap after GC invocations=22 (full 4):
 PSYoungGen      total 491520K, used 21501K [0x00000000e0000000, 0x0000000100000000, 0x0000000100000000)
  eden space 470016K, 0% used [0x00000000e0000000,0x00000000e0000000,0x00000000fcb00000)
  from space 21504K, 99% used [0x00000000feb00000,0x00000000fffff590,0x0000000100000000)
  to   space 27136K, 0% used [0x00000000fcb00000,0x00000000fcb00000,0x00000000fe580000)
 ParOldGen       total 293888K, used 55781K [0x00000000a0000000, 0x00000000b1f00000, 0x00000000e0000000)
  object space 293888K, 18% used [0x00000000a0000000,0x00000000a3679610,0x00000000b1f00000)
 Metaspace       used 95824K, capacity 99898K, committed 100096K, reserved 1136640K
  class space    used 12058K, capacity 12914K, committed 13056K, reserved 1048576K
}
Event: 804.680 GC heap before
{Heap before GC invocations=23 (full 4):
 PSYoungGen      total 491520K, used 490646K [0x00000000e0000000, 0x0000000100000000, 0x0000000100000000)
  eden space 470016K, 99% used [0x00000000e0000000,0x00000000fca26598,0x00000000fcb00000)
  from space 21504K, 99% used [0x00000000feb00000,0x00000000fffff590,0x0000000100000000)
  to   space 27136K, 0% used [0x00000000fcb00000,0x00000000fcb00000,0x00000000fe580000)
 ParOldGen       total 293888K, used 55781K [0x00000000a0000000, 0x00000000b1f00000, 0x00000000e0000000)
  object space 293888K, 18% used [0x00000000a0000000,0x00000000a3679610,0x00000000b1f00000)
 Metaspace       used 96634K, capacity 100908K, committed 101120K, reserved 1136640K
  class space    used 12130K, capacity 13005K, committed 13056K, reserved 1048576K
Event: 804.710 GC heap after
Heap after GC invocations=23 (full 4):
 PSYoungGen      total 497152K, used 26707K [0x00000000e0000000, 0x0000000100000000, 0x0000000100000000)
  eden space 470016K, 0% used [0x00000000e0000000,0x00000000e0000000,0x00000000fcb00000)
  from space 27136K, 98% used [0x00000000fcb00000,0x00000000fe514c40,0x00000000fe580000)
  to   space 27136K, 0% used [0x00000000fe580000,0x00000000fe580000,0x0000000100000000)
 ParOldGen       total 293888K, used 55789K [0x00000000a0000000, 0x00000000b1f00000, 0x00000000e0000000)
  object space 293888K, 18% used [0x00000000a0000000,0x00000000a367b610,0x00000000b1f00000)
 Metaspace       used 96634K, capacity 100908K, committed 101120K, reserved 1136640K
  class space    used 12130K, capacity 13005K, committed 13056K, reserved 1048576K
}
Event: 1273.908 GC heap before
{Heap before GC invocations=24 (full 4):
 PSYoungGen      total 497152K, used 496723K [0x00000000e0000000, 0x0000000100000000, 0x0000000100000000)
  eden space 470016K, 100% used [0x00000000e0000000,0x00000000fcb00000,0x00000000fcb00000)
  from space 27136K, 98% used [0x00000000fcb00000,0x00000000fe514c40,0x00000000fe580000)
  to   space 27136K, 0% used [0x00000000fe580000,0x00000000fe580000,0x0000000100000000)
 ParOldGen       total 293888K, used 55789K [0x00000000a0000000, 0x00000000b1f00000, 0x00000000e0000000)
  object space 293888K, 18% used [0x00000000a0000000,0x00000000a367b610,0x00000000b1f00000)
 Metaspace       used 98177K, capacity 103788K, committed 104064K, reserved 1140736K
  class space    used 12330K, capacity 13375K, committed 13440K, reserved 1048576K
Event: 1273.945 GC heap after
Heap after GC invocations=24 (full 4):
 PSYoungGen      total 484864K, used 27116K [0x00000000e0000000, 0x0000000100000000, 0x0000000100000000)
  eden space 457728K, 0% used [0x00000000e0000000,0x00000000e0000000,0x00000000fbf00000)
  from space 27136K, 99% used [0x00000000fe580000,0x00000000ffffb378,0x0000000100000000)
  to   space 33280K, 0% used [0x00000000fbf00000,0x00000000fbf00000,0x00000000fdf80000)
 ParOldGen       total 293888K, used 57295K [0x00000000a0000000, 0x00000000b1f00000, 0x00000000e0000000)
  object space 293888K, 19% used [0x00000000a0000000,0x00000000a37f3ec8,0x00000000b1f00000)
 Metaspace       used 98177K, capacity 103788K, committed 104064K, reserved 1140736K
  class space    used 12330K, capacity 13375K, committed 13440K, reserved 1048576K
}

